<?xml version="1.0" encoding="UTF-8"?>
<testng-results ignored="0" total="1" passed="1" failed="0" skipped="0">
  <reporter-output>
  </reporter-output>
  <suite started-at="2024-07-08T21:44:19 IST" name="Default suite" finished-at="2024-07-08T21:45:53 IST" duration-ms="93881">
    <groups>
      <group name="cucumber">
        <method signature="AbstractTestNGCucumberTests.runScenario(io.cucumber.testng.PickleWrapper,io.cucumber.testng.FeatureWrapper)[pri:0, instance:Runner.testng@183ec003]" name="runScenario" class="io.cucumber.testng.AbstractTestNGCucumberTests"/>
      </group> <!-- cucumber -->
    </groups>
    <test started-at="2024-07-08T21:44:19 IST" name="Default test" finished-at="2024-07-08T21:45:53 IST" duration-ms="93881">
      <class name="Runner.testng">
        <test-method is-config="true" signature="setUpClass(org.testng.ITestContext)[pri:0, instance:Runner.testng@183ec003]" started-at="2024-07-08T21:44:19 IST" name="setUpClass" finished-at="2024-07-08T21:44:20 IST" duration-ms="859" status="PASS">
          <params>
            <param index="0">
              <value>
                <![CDATA[org.testng.TestRunner@390037e7]]>
              </value>
            </param>
          </params>
          <reporter-output>
          </reporter-output>
        </test-method> <!-- setUpClass -->
        <test-method signature="runScenario(io.cucumber.testng.PickleWrapper,io.cucumber.testng.FeatureWrapper)[pri:0, instance:Runner.testng@183ec003]" started-at="2024-07-08T21:44:20 IST" name="runScenario" description="Runs Cucumber Scenarios" data-provider="scenarios" finished-at="2024-07-08T21:45:53 IST" duration-ms="92922" status="PASS">
          <params>
            <param index="0">
              <value>
                <![CDATA["Search and book book a hotel"]]>
              </value>
            </param>
            <param index="1">
              <value>
                <![CDATA["Makemytrip hotel booking"]]>
              </value>
            </param>
          </params>
          <reporter-output>
          </reporter-output>
        </test-method> <!-- runScenario -->
        <test-method is-config="true" signature="tearDownClass()[pri:0, instance:Runner.testng@183ec003]" started-at="2024-07-08T21:45:53 IST" name="tearDownClass" finished-at="2024-07-08T21:45:53 IST" duration-ms="30" status="PASS">
          <reporter-output>
          </reporter-output>
        </test-method> <!-- tearDownClass -->
      </class> <!-- Runner.testng -->
    </test> <!-- Default test -->
  </suite> <!-- Default suite -->
</testng-results>
